<?xml version="1.0" encoding="UTF-8"?>
<testsuite xmlns:xsi="http://www.w3.org/2001/XMLSchema-instance" xsi:noNamespaceSchemaLocation="https://maven.apache.org/surefire/maven-surefire-plugin/xsd/surefire-test-report.xsd" version="3.0.2" name="com.hospital_vm_cl.hospital_vm.HospitalVmApplicationTests" time="7.079" tests="1" errors="0" skipped="0" failures="0" flakes="0">
  <properties>
[...]
</properties>
  <testcase name="contextLoads" classname="com.hospital_vm_cl.hospital_vm.HospitalVmApplicationTests" time="0.293">
    <system-out><![CDATA[11:22:23.628 [main] INFO org.springframework.test.context.support.AnnotationConfigContextLoaderUtils -- Could not detect default configuration classes for test class [com.hospital_vm_cl.hospital_vm.HospitalVmApplicationTests]: HospitalVmApplicationTests does not declare any static, non-private, non-final, nested classes annotated with @Configuration.
11:22:23.710 [main] INFO org.springframework.boot.test.context.SpringBootTestContextBootstrapper -- Found @SpringBootConfiguration com.hospital_vm_cl.hospital_vm.HospitalVmApplication for test class com.hospital_vm_cl.hospital_vm.HospitalVmApplicationTests
11:22:23.783 [main] INFO org.springframework.test.context.support.AnnotationConfigContextLoaderUtils -- Could not detect default configuration classes for test class [com.hospital_vm_cl.hospital_vm.HospitalVmApplicationTests]: HospitalVmApplicationTests does not declare any static, non-private, non-final, nested classes annotated with @Configuration.
11:22:23.785 [main] INFO org.springframework.boot.test.context.SpringBootTestContextBootstrapper -- Found @SpringBootConfiguration com.hospital_vm_cl.hospital_vm.HospitalVmApplication for test class com.hospital_vm_cl.hospital_vm.HospitalVmApplicationTests

  .   ____          _            __ _ _
 /\\ / ___'_ __ _ _(_)_ __  __ _ \ \ \ \
( ( )\___ | '_ | '_| | '_ \/ _` | \ \ \ \
 \\/  ___)| |_)| | | | | || (_| |  ) ) ) )
  '  |____| .__|_| |_|_| |_\__, | / / / /
 =========|_|==============|___/=/_/_/_/

 :: Spring Boot ::                (v4.1.0)

2026-06-18T11:22:24.143-04:00  INFO 20364 --- [hospital-vm] [           main] c.h.h.HospitalVmApplicationTests         : Starting HospitalVmApplicationTests using Java 25.0.3 with PID 20364 (started by Dream in c:\Users\DioDo\OneDrive\Documentos\GitHub\Full-Stack 2 projecto Hospital_VM\Full-Stack 2 vice\hospital-vm DD)
2026-06-18T11:22:24.144-04:00 DEBUG 20364 --- [hospital-vm] [           main] c.h.h.HospitalVmApplicationTests         : Running with Spring Boot v4.1.0, Spring v7.0.8
2026-06-18T11:22:24.144-04:00  INFO 20364 --- [hospital-vm] [           main] c.h.h.HospitalVmApplicationTests         : No active profile set, falling back to 1 default profile: "default"
2026-06-18T11:22:24.847-04:00  INFO 20364 --- [hospital-vm] [           main] .s.d.r.c.RepositoryConfigurationDelegate : Bootstrapping Spring Data JPA repositories in DEFAULT mode.
2026-06-18T11:22:24.886-04:00  INFO 20364 --- [hospital-vm] [           main] .s.d.r.c.RepositoryConfigurationDelegate : Finished Spring Data repository scanning in 32 ms. Found 3 JPA repository interfaces.
2026-06-18T11:22:24.978-04:00  INFO 20364 --- [hospital-vm] [           main] o.s.cloud.context.scope.GenericScope     : BeanFactory id=f91e72bd-f2a0-3faf-95dd-d703375bcecd
2026-06-18T11:22:25.198-04:00  INFO 20364 --- [hospital-vm] [           main] org.hibernate.orm.jpa                    : HHH008540: Processing PersistenceUnitInfo [name: default]
2026-06-18T11:22:25.247-04:00  INFO 20364 --- [hospital-vm] [           main] org.hibernate.orm.core                   : HHH000001: Hibernate ORM core version 7.4.1.Final
2026-06-18T11:22:25.649-04:00  INFO 20364 --- [hospital-vm] [           main] o.s.o.j.p.SpringPersistenceUnitInfo      : No LoadTimeWeaver setup: ignoring JPA class transformer
2026-06-18T11:22:25.676-04:00  INFO 20364 --- [hospital-vm] [           main] com.zaxxer.hikari.HikariDataSource       : HikariPool-1 - Starting...
2026-06-18T11:22:26.293-04:00  INFO 20364 --- [hospital-vm] [           main] com.zaxxer.hikari.pool.HikariPool        : HikariPool-1 - Added connection com.mysql.cj.jdbc.ConnectionImpl@a926db4
2026-06-18T11:22:26.294-04:00  INFO 20364 --- [hospital-vm] [           main] com.zaxxer.hikari.HikariDataSource       : HikariPool-1 - Start completed.
2026-06-18T11:22:26.328-04:00  WARN 20364 --- [hospital-vm] [           main] org.hibernate.orm.deprecation            : HHH90000025: MySQLDialect does not need to be specified explicitly using 'hibernate.dialect' (remove the property setting and it will be selected by default)
2026-06-18T11:22:26.342-04:00  INFO 20364 --- [hospital-vm] [           main] org.hibernate.orm.connections.pooling    : HHH10001005: Database info:
	Database JDBC URL [jdbc:mysql://localhost:3306/hospital_vm?createDatabaseIfNotExist=true&serverTimezone=UTC]
	Database driver: MySQL Connector/J
	Database dialect: MySQLDialect
	Database version: 8.4.3
	Default catalog/schema: hospital_vm/undefined
	Autocommit mode: undefined/unknown
	Isolation level: REPEATABLE_READ [default REPEATABLE_READ]
	JDBC fetch size: none
	Pool: DataSourceConnectionProvider
	Minimum pool size: undefined/unknown
	Maximum pool size: undefined/unknown
2026-06-18T11:22:27.077-04:00  INFO 20364 --- [hospital-vm] [           main] org.hibernate.orm.core                   : HHH000489: No JTA platform available (set 'hibernate.transaction.jta.platform' to enable JTA platform integration)
Hibernate: 
    create table medicos (
        id bigint not null auto_increment,
        especialidad varchar(255) not null,
        nombre varchar(255) not null,
        rut varchar(255) not null,
        primary key (id)
    ) engine=InnoDB
Hibernate: 
    create table pacientes (
        id bigint not null auto_increment,
        apellidos varchar(255) not null,
        comentario TEXT,
        correo varchar(255) not null,
        especialidad varchar(255),
        fecha_nacimiento date not null,
        nombres varchar(255) not null,
        run varchar(255) not null,
        medico_id bigint,
        primary key (id)
    ) engine=InnoDB
Hibernate: 
    create table roles (
        id bigint not null auto_increment,
        nombre varchar(255) not null,
        primary key (id)
    ) engine=InnoDB
Hibernate: 
    create table user_roles (
        user_id bigint not null,
        role varchar(255)
    ) engine=InnoDB
Hibernate: 
    create table users (
        id bigint not null auto_increment,
        email varchar(255) not null,
        enabled bit not null,
        name varchar(255) not null,
        password varchar(255) not null,
        primary key (id)
    ) engine=InnoDB
Hibernate: 
    alter table medicos 
       drop index UKjd0ovuo9ufktdbsuppevtwe8c
Hibernate: 
    alter table medicos 
       add constraint UKjd0ovuo9ufktdbsuppevtwe8c unique (rut)
Hibernate: 
    alter table roles 
       drop index UKldv0v52e0udsh2h1rs0r0gw1n
Hibernate: 
    alter table roles 
       add constraint UKldv0v52e0udsh2h1rs0r0gw1n unique (nombre)
Hibernate: 
    alter table users 
       drop index UK6dotkott2kjsp8vw4d0m25fb7
Hibernate: 
    alter table users 
       add constraint UK6dotkott2kjsp8vw4d0m25fb7 unique (email)
Hibernate: 
    alter table pacientes 
       add constraint FKsk3a29uyalx3sbuu8sopnhliy 
       foreign key (medico_id) 
       references medicos (id)
Hibernate: 
    alter table user_roles 
       add constraint FKhfh9dx7w3ubf1co1vdev94g3f 
       foreign key (user_id) 
       references users (id)
2026-06-18T11:22:29.416-04:00  INFO 20364 --- [hospital-vm] [           main] j.LocalContainerEntityManagerFactoryBean : Initialized JPA EntityManagerFactory for persistence unit 'default'
2026-06-18T11:22:29.477-04:00  INFO 20364 --- [hospital-vm] [           main] o.s.d.j.r.query.QueryEnhancerFactories   : Hibernate is in classpath; If applicable, HQL parser will be used.
2026-06-18T11:22:29.747-04:00  WARN 20364 --- [hospital-vm] [           main] JpaBaseConfiguration$JpaWebConfiguration : spring.jpa.open-in-view is enabled by default. Therefore, database queries may be performed during view rendering. Explicitly configure spring.jpa.open-in-view to disable this warning
2026-06-18T11:22:30.260-04:00  INFO 20364 --- [hospital-vm] [           main] c.h.h.HospitalVmApplicationTests         : Started HospitalVmApplicationTests in 6.332 seconds (process running for 7.346)
2026-06-18T11:22:30.263-04:00  WARN 20364 --- [hospital-vm] [           main] o.s.core.events.SpringDocAppInitializer  : SpringDoc /v3/api-docs endpoint is enabled by default. To disable it in production, set the property 'springdoc.api-docs.enabled=false'
2026-06-18T11:22:30.263-04:00  WARN 20364 --- [hospital-vm] [           main] o.s.core.events.SpringDocAppInitializer  : SpringDoc /swagger-ui.html endpoint is enabled by default. To disable it in production, set the property 'springdoc.swagger-ui.enabled=false'
]]></system-out>
    <system-err><![CDATA[Mockito is currently self-attaching to enable the inline-mock-maker. This will no longer work in future releases of the JDK. Please add Mockito as an agent to your build as described in Mockito's documentation: https://javadoc.io/doc/org.mockito/mockito-core/latest/org.mockito/org/mockito/Mockito.html#0.3
WARNING: A Java agent has been loaded dynamically (C:\Users\DioDo\.m2\repository\net\bytebuddy\byte-buddy-agent\1.18.10\byte-buddy-agent-1.18.10.jar)
WARNING: If a serviceability tool is in use, please run with -XX:+EnableDynamicAgentLoading to hide this warning
WARNING: If a serviceability tool is not in use, please run with -Djdk.instrument.traceUsage for more information
WARNING: Dynamic loading of agents will be disallowed by default in a future release
]]></system-err>
  </testcase>
</testsuite>